Arguments: 
  /Users/edwardrees/.nvm/versions/node/v14.15.3/bin/node /usr/local/bin/yarn add @types/fs

PATH: 
  /Users/edwardrees/.nvm/versions/node/v14.15.3/bin:/usr/local/opt/mongodb-community@4.0/bin:/usr/local/bin:/usr/bin:/bin:/usr/sbin:/sbin:/Applications/VMware Fusion.app/Contents/Public:/Library/TeX/texbin:/usr/local/go/bin:/usr/local/share/dotnet:/opt/X11/bin:~/.dotnet/tools:/Library/Apple/usr/bin:/Users/edwardrees/.nvm/versions/node/v14.15.3/bin:/usr/local/opt/mongodb-community@4.0/bin:/Users/edwardrees/.nvm/versions/node/v10.16.0/bin:/Users/edwardrees/Library/Android/sdk/emulator:/Users/edwardrees/Library/Android/sdk/tools:/Users/edwardrees/Library/Android/sdk/tools/bin:/Users/edwardrees/Library/Android/sdk/platform-tools:/Users/edwardrees/.dev/flutter/bin

Yarn version: 
  1.22.10

Node version: 
  14.15.3

Platform: 
  darwin x64

Trace: 
  Error: https://registry.yarnpkg.com/@types%2ffs: Not found
      at Request.params.callback [as _callback] (/Users/edwardrees/.config/yarn/global/node_modules/yarn/lib/cli.js:66988:18)
      at Request.self.callback (/Users/edwardrees/.config/yarn/global/node_modules/yarn/lib/cli.js:140662:22)
      at Request.emit (events.js:315:20)
      at Request.<anonymous> (/Users/edwardrees/.config/yarn/global/node_modules/yarn/lib/cli.js:141634:10)
      at Request.emit (events.js:315:20)
      at IncomingMessage.<anonymous> (/Users/edwardrees/.config/yarn/global/node_modules/yarn/lib/cli.js:141556:12)
      at Object.onceWrapper (events.js:421:28)
      at IncomingMessage.emit (events.js:327:22)
      at endReadableNT (internal/streams/readable.js:1327:12)
      at processTicksAndRejections (internal/process/task_queues.js:80:21)

npm manifest: 
  {
    "name": "code-parser",
    "version": "1.0.0",
    "description": "Parse a .code code and return sections of the code as a map",
    "main": "src/index.ts",
    "author": "Edward Rees",
    "license": "MIT",
    "private": true,
    "dependencies": {
      "@types/typescript": "^2.0.0",
      "fs": "^0.0.1-security",
      "typescript": "^4.1.3"
    },
    "scripts": {
      "build": "tsc",
      "prestart": "yarn build",
      "start": "node ."
    }
  }

yarn manifest: 
  No manifest

Lockfile: 
  # THIS IS AN AUTOGENERATED FILE. DO NOT EDIT THIS FILE DIRECTLY.
  # yarn lockfile v1
  
  
  "@types/typescript@^2.0.0":
    version "2.0.0"
    resolved "https://registry.yarnpkg.com/@types/typescript/-/typescript-2.0.0.tgz#c433539c98bae28682b307eaa7a0fd2115b83c28"
    integrity sha1-xDNTnJi64oaCswfqp6D9IRW4PCg=
    dependencies:
      typescript "*"
  
  fs@^0.0.1-security:
    version "0.0.1-security"
    resolved "https://registry.yarnpkg.com/fs/-/fs-0.0.1-security.tgz#8a7bd37186b6dddf3813f23858b57ecaaf5e41d4"
    integrity sha1-invTcYa23d84E/I4WLV+yq9eQdQ=
  
  typescript@*, typescript@^4.1.3:
    version "4.1.3"
    resolved "https://registry.yarnpkg.com/typescript/-/typescript-4.1.3.tgz#519d582bd94cba0cf8934c7d8e8467e473f53bb7"
    integrity sha512-B3ZIOf1IKeH2ixgHhj6la6xdwR9QrLC5d1VKeCSY4tvkqhF2eqd9O7txNlS0PO3GrBAFIdr3L1ndNwteUbZLYg==
